
ARD initiated on Sun Aug 25 13:03:33 2019

######################################################################
#################### AUTOMATIC REACTION DISCOVERY ####################
######################################################################
Reactant SMILES: CC=O
Maximum number of bonds to be broken: 3
Maximum number of bonds to be formed: 3
Heat of reaction cutoff: 20.0 kcal/mol
Force field for 3D structure generation: mmff94
######################################################################

Generating all possible products...
266 possible products generated

Filtering reactions...
6 products remaining

Feasible products:

Product 0: [CH2][CH]O
C      1.02493148   -0.06059443    0.07129081
C      0.50941182    0.53852849    1.34330098
O     -0.19765996    1.54004058    1.38094351
H      0.67825625    0.52260547   -0.78536202
H      0.65871485   -1.08620241   -0.01498077
H      2.11715697   -0.06059575    0.09303026
H      0.80644890    0.01857362    2.26966735
****
C      1.36568770   -0.59640971    0.55793086
C      0.67948622    0.30416059    1.27224900
O     -0.01610901    1.34956190    0.73818173
H      0.07242577    1.32565326   -0.23025643
H      0.77004024   -1.10002429   -0.21652288
H      2.11290999   -0.15569051   -0.11707105
H      0.61281939    0.28510432    2.35337887

Product 1: OC=C
C      1.02493148   -0.06059443    0.07129081
C      0.50941182    0.53852849    1.34330098
O     -0.19765996    1.54004058    1.38094351
H      0.67825625    0.52260547   -0.78536202
H      0.65871485   -1.08620241   -0.01498077
H      2.11715697   -0.06059575    0.09303026
H      0.80644890    0.01857362    2.26966735
****
C      0.68214900   -0.21690584   -0.32438247
C      1.00888462    0.18820347    0.90105003
O      0.27246611    1.12391850    1.56780595
H     -0.18730688    0.19118832   -0.82920491
H      1.27390890   -0.96078978   -0.84527426
H      1.86379731   -0.18468134    1.45006831
H      0.68336125    1.27142221    2.43782744

Product 2: [CH2][CH]O
C      1.02493148   -0.06059443    0.07129081
C      0.50941182    0.53852849    1.34330098
O     -0.19765996    1.54004058    1.38094351
H      0.67825625    0.52260547   -0.78536202
H      0.65871485   -1.08620241   -0.01498077
H      2.11715697   -0.06059575    0.09303026
H      0.80644890    0.01857362    2.26966735
****
C      1.29641758   -0.48779351    0.46191243
C      0.52516367    0.60486254    0.50074063
O      0.05819707    1.14652833    1.66273053
H      0.19779515    1.16193390   -0.36850443
H      0.90067120   -1.27441130   -0.19832578
H      2.23107955   -0.33884063   -0.09979683
H      0.38793608    0.60007623    2.39913354

Product 3: OC=C
C      1.02493148   -0.06059443    0.07129081
C      0.50941182    0.53852849    1.34330098
O     -0.19765996    1.54004058    1.38094351
H      0.67825625    0.52260547   -0.78536202
H      0.65871485   -1.08620241   -0.01498077
H      2.11715697   -0.06059575    0.09303026
H      0.80644890    0.01857362    2.26966735
****
C      1.32482222    0.23503572   -0.27678703
C      0.71507244   -0.01841367    0.87929330
O      0.01735859    0.94451742    1.54891866
H      1.28184828    1.22432865   -0.72040055
H      0.72551686   -0.98514578    1.36577091
H      1.87648598   -0.53704270   -0.80065106
H     -0.34384406    0.54907591    2.36174589

Product 4: OC=C
C      1.02493148   -0.06059443    0.07129081
C      0.50941182    0.53852849    1.34330098
O     -0.19765996    1.54004058    1.38094351
H      0.67825625    0.52260547   -0.78536202
H      0.65871485   -1.08620241   -0.01498077
H      2.11715697   -0.06059575    0.09303026
H      0.80644890    0.01857362    2.26966735
****
C      0.60373950   -0.40637384    0.02018059
C      0.75544185    0.17366014    1.21117282
O      1.22460845    1.44136266    1.39825326
H      0.84784849    0.09905294   -0.90692661
H      0.22358985   -1.42098148   -0.04785988
H      1.42203456    1.83221089    0.52955062
H      0.51999761   -0.30657576    2.15351931

Product 5: OC=C
C      1.02493148   -0.06059443    0.07129081
C      0.50941182    0.53852849    1.34330098
O     -0.19765996    1.54004058    1.38094351
H      0.67825625    0.52260547   -0.78536202
H      0.65871485   -1.08620241   -0.01498077
H      2.11715697   -0.06059575    0.09303026
H      0.80644890    0.01857362    2.26966735
****
C      1.49458556    0.22008780    0.08615600
C      0.78255940    0.19273034    1.21318103
O     -0.58093062    0.17167118    1.26453657
H      1.03086348    0.22775390   -0.89337267
H     -0.92742738    0.18001904    0.35555133
H      2.57934097    0.23563040    0.12660509
H      1.21826891    0.18446291    2.20523275


ARD terminated on Sun Aug 25 13:03:41 2019
Total ARD run time: 8.4 s
